2023-08-05 15:41:25,819 DEBUG    root            Loaded Command Group: ['gcloud', 'config']
2023-08-05 15:41:25,822 DEBUG    root            Loaded Command Group: ['gcloud', 'config', 'config_helper']
2023-08-05 15:41:25,825 DEBUG    root            Running [gcloud.config.config-helper] with arguments: [--format: "json"]
2023-08-05 15:41:25,831 DEBUG    google.auth.transport.requests Making request: GET http://192.168.10.5/computeMetadata/v1/instance/service-accounts/835004412508-compute@developer.gserviceaccount.com/?recursive=true
2023-08-05 15:41:25,833 DEBUG    urllib3.connectionpool Starting new HTTP connection (1): 192.168.10.5:80
2023-08-05 15:41:25,834 DEBUG    urllib3.connectionpool http://192.168.10.5:80 "GET /computeMetadata/v1/instance/service-accounts/835004412508-compute@developer.gserviceaccount.com/?recursive=true HTTP/1.1" 200 145
2023-08-05 15:41:25,835 DEBUG    google.auth.transport.requests Making request: GET http://192.168.10.5/computeMetadata/v1/instance/service-accounts/835004412508-compute@developer.gserviceaccount.com/token
2023-08-05 15:41:25,837 DEBUG    urllib3.connectionpool http://192.168.10.5:80 "GET /computeMetadata/v1/instance/service-accounts/835004412508-compute@developer.gserviceaccount.com/token HTTP/1.1" 200 1084
2023-08-05 15:41:25,882 DEBUG    root            Chosen display Format:default json
2023-08-05 15:41:25,883 INFO     root            Display format: "default json"
2023-08-05 15:41:25,884 INFO     ___FILE_ONLY___ {
  "configuration": {
    "active_configuration": "default",
    "properties": {
      "core": {
        "account": "835004412508-compute@developer.gserviceaccount.com",
        "disable_usage_reporting": "True",
        "project": "gcpproject-394221"
      }
    }
  },
  "credential": {
    "access_token": "ya29.c.b0Aaekm1JvVAgYo8qELEsnW3jpuLqP1EiaW23yKsWWkMguZyp8DmG-9g1KJZx-if7eyetwPAZwrI4KZ1wW2pvO-f09usLbSUfaJcZz3cD9yAaA4Wqzw5e_DhxxdojOdaiMWeQZSudTVr3LUz_Kj7ApuQae3ctOgb7wxs1oieaemw3Ur1M_20yd2NrHReKnkw7skr8vjUXC0Wog7JoMEPRyTkfa2jVNRLRp4FKwWGOF-fDiM94fZHEvzezJrN7o_kjgyLZ0nd8RsVy3GzcYZLGnKIlteQjNMkg_OIQNumz8WOCDOpO-h9YsqbJT89JlFx8R-j-1Vp01QPeY04lRL4sNwMvks_SLJiySDYtzW43sBhY5_4DgDiz5FpiGszNL0WxlQe8E396PofzBlISOlzJZaay1tMhJgnB-vk852ocovmrxorzedoXBJhc2i-3ZF6ik4JqIUjO0arWrhd_Q4p4enb5bqn6IpXXIxez_a9zpkacksZFjWSIQ-jVMI-1x16SnMyOed25hIJByvQ1ItOot197JdWMeV5rsBow56yevgzy5Q3fw3arfRu6pSehkIjsb8t5B-lMzQO3tSp7pzmubiXana8_sps44MOmju8ys8mhR4Y7U1JbX8Whp-7sRf1jjcZwlv-W7rtbQ4blWguOm6qh8dXgyw0_f--Zqz7WVh4Qc4zWnhFhzIybuXW6JM_JvqXyruyz77Fs3lfmX3o85_rs_at0UI7gfu9hRbUW2uz68RF0Fq8O55x00qqn4Zk9xhuUnw368dFMvfckavxzQ_tfMW54X_zVRs-9auUtQ_hqS5Ijau_Xh4nRuf6O4ilShJIXpiIb9Yxlb8JXUmeqgp7_FRn0aFFaX8dQ520YdJza3eeZitMq1tqIz3m8MOXyo96hwF2J1q8VV9jneIBumUjSllhr45QBa-rBzlpFm1ek17eBhmSemVpcotwe5rzgzdik0rSU436y5WYrhm09ZlWMfpJMnVQ1Xo-UkBMsaWmnzesn9zVpXW_6",
    "id_token": null,
    "token_expiry": "2023-08-05T16:12:16Z"
  },
  "sentinels": {
    "config_sentinel": "/home/jupyter/.config/gcloud/config_sentinel"
  }
}
2023-08-05 15:41:25,884 INFO     ___FILE_ONLY___ 

2023-08-05 15:41:25,885 DEBUG    root            SDK update checks are disabled.
